2020-11-16 14:57:12,217  INFO  	C:\Django\myshop\myshop\media/
2020-11-16 14:57:12,539  INFO  	C:\Django\myshop\myshop\media/
2020-11-16 15:18:14,951  INFO  	C:\Django\myshop\myshop\media/
2020-11-16 15:22:44,064  INFO  	C:\Django\myshop\myshop\media/
2020-11-16 15:47:15,352  INFO  	C:\Django\myshop\myshop\media/
2020-11-16 15:49:57,986  INFO  	C:\Django\myshop\myshop\media/
2020-11-16 15:53:50,256  INFO  	C:\Django\myshop\myshop\media/
2020-11-16 15:54:19,955  INFO  	C:\Django\myshop\myshop\media/
2020-11-16 16:06:50,006  INFO  	C:\Django\myshop\myshop\media/
2020-11-16 16:10:12,389  INFO  	C:\Django\myshop\myshop\media/
2020-11-16 16:11:49,199  INFO  	C:\Django\myshop\myshop\media/
2020-11-16 16:11:49,552  INFO  	C:\Django\myshop\myshop\media/
2020-11-16 16:12:23,474  INFO  	C:\Django\myshop\myshop\media/
2020-11-16 16:14:40,256  INFO  	C:\Django\myshop\myshop\media/
2020-11-16 16:14:53,850  INFO  	C:\Django\myshop\myshop\media/
2020-11-16 16:15:14,771  INFO  	C:\Django\myshop\myshop\media/
2020-11-16 16:16:04,402  INFO  	C:\Django\myshop\myshop\media/
2020-11-16 16:16:04,757  INFO  	C:\Django\myshop\myshop\media/
2020-11-16 16:25:05,128  INFO  	C:\Django\myshop\myshop\media/
2020-11-16 16:27:20,071  INFO  	C:\Django\myshop\myshop\media/
2020-11-16 16:28:20,981  INFO  	C:\Django\myshop\myshop\media/
2020-11-16 16:28:21,336  INFO  	C:\Django\myshop\myshop\media/
2020-11-16 16:33:33,385  INFO  	C:\Django\myshop\media/
2020-11-16 16:35:19,551  INFO  	C:\Django\myshop\media/
2020-11-16 16:35:28,469  INFO  	C:\Django\myshop\media/
2020-11-16 16:39:11,698  INFO  	C:\Django\myshop\media/
2020-11-16 16:39:12,050  INFO  	C:\Django\myshop\media/
2020-11-16 17:05:11,674  INFO  	C:\Django\myshop\media
2020-11-16 17:10:17,520  INFO  	C:\Django\myshop\media
2020-11-16 17:10:44,021  INFO  	C:\Django\myshop\media
2020-11-16 17:11:21,226  INFO  	C:\Django\myshop\media/
2020-11-16 17:16:25,613  INFO  	C:\Django\myshop\media/
2020-11-16 17:16:40,552  INFO  	C:\Django\myshop\media/
2020-11-16 17:16:40,899  INFO  	C:\Django\myshop\media/
2020-11-16 17:17:54,462  INFO  	C:\Django\myshop\myshop\media/
2020-11-16 17:20:52,809  INFO  	C:\Django\myshop\media/
2020-11-16 17:21:09,088  INFO  	C:\Django\myshop\media/
2020-11-16 17:37:57,075  INFO  	C:\Django\myshop\media/
2020-11-16 17:38:26,814  INFO  	C:\Django\myshop\myshop\media/
2020-11-16 17:49:31,958  INFO  	C:\Django\myshop\myshop\media/
2020-11-16 17:49:39,066  INFO  	C:\Django\myshop\myshop\media/
2020-11-16 17:49:42,549  INFO  	C:\Django\myshop\myshop\media/
2020-11-16 17:49:47,253  INFO  	C:\Django\myshop\myshop\media/
2020-11-16 17:50:01,918  INFO  	C:\Django\myshop\myshop\media/
2020-11-16 17:50:02,234  INFO  	C:\Django\myshop\myshop\media/
2020-11-16 17:59:48,283  INFO  	C:\Django\myshop\myshop\media
2020-11-16 18:29:35,111  INFO  	C:\Django\myshop\myshop\media
2020-11-16 18:30:00,966  INFO  	C:\Django\myshop\myshop\media
2020-11-16 18:30:27,146  INFO  	C:\Django\myshop\myshop\media
2020-11-16 18:30:27,467  INFO  	C:\Django\myshop\myshop\media
2020-11-16 18:37:36,632  INFO  	C:\Django\myshop\myshop\media
2020-11-16 18:38:07,899  INFO  	C:\Django\myshop\myshop\media
2020-11-16 18:39:52,814  INFO  	C:\Django\myshop\myshop\media
2020-11-16 18:39:53,131  INFO  	C:\Django\myshop\myshop\media
2020-11-16 18:40:59,307  INFO  	C:\Django\myshop\myshop\media
2020-11-16 18:41:16,402  INFO  	C:\Django\myshop\myshop\media
2020-11-16 18:41:24,179  INFO  	C:\Django\myshop\myshop\media
2020-11-17 13:50:21,803  INFO  	C:\Django\myshop\myshop\media
2020-11-17 13:50:22,139  INFO  	C:\Django\myshop\myshop\media
2020-11-17 14:49:43,728  INFO  	C:\Django\myshop\myshop\media
2020-11-17 14:49:44,047  INFO  	C:\Django\myshop\myshop\media
2020-11-17 16:14:16,988  INFO  	C:\Django\myshop\myshop\media
2020-11-17 16:16:27,432  INFO  	C:\Django\myshop\myshop\media
2020-11-17 16:20:49,826  INFO  	C:\Django\myshop\myshop\media
2020-11-17 16:21:16,323  INFO  	C:\Django\myshop\myshop\media
2020-11-17 16:25:15,879  INFO  	C:\Django\myshop\myshop\media
2020-11-17 16:25:39,229  INFO  	C:\Django\myshop\myshop\media
2020-11-17 16:26:00,398  INFO  	C:\Django\myshop\myshop\media
2020-11-17 16:26:14,002  INFO  	C:\Django\myshop\myshop\media
2020-11-17 16:26:14,314  INFO  	C:\Django\myshop\myshop\media
2020-11-17 16:47:30,832  INFO  	c:\Django\myshop\myshop\media
2020-11-17 16:47:31,189  INFO  	c:\Django\myshop\myshop\media
2020-11-17 17:02:36,109  INFO  	c:\Django\myshop\myshop\media
2020-11-17 17:02:36,424  INFO  	c:\Django\myshop\myshop\media
2020-11-17 17:07:52,302  INFO  	c:\Django\myshop\myshop\media
2020-11-17 17:08:01,172  INFO  	c:\Django\myshop\myshop\media
2020-11-17 17:09:05,057  INFO  	c:\Django\myshop\myshop\media
2020-11-17 17:09:22,623  INFO  	c:\Django\myshop\myshop\media
2020-11-17 17:09:38,675  INFO  	c:\Django\myshop\myshop\media
2020-11-17 17:09:41,884  INFO  	c:\Django\myshop\myshop\media
2020-11-17 17:09:42,192  INFO  	c:\Django\myshop\myshop\media
2020-11-17 17:12:05,798  INFO  	c:\Django\myshop\myshop\media
2020-11-17 17:14:12,844  INFO  	c:\Django\myshop\myshop\media
2020-11-17 17:49:08,099  INFO  	c:\Django\myshop\myshop\media
2020-11-17 17:55:51,659  INFO  	c:\Django\myshop\myshop\media
2020-11-17 17:57:04,830  INFO  	c:\Django\myshop\myshop\media
2020-11-17 17:57:05,145  INFO  	c:\Django\myshop\myshop\media
2020-11-17 17:57:16,995  INFO  	c:\Django\myshop\myshop\media
2020-11-17 18:02:07,902  INFO  	c:\Django\myshop\myshop\media
2020-11-17 18:04:01,554  INFO  	c:\Django\myshop\myshop\media
2020-11-17 18:05:14,701  INFO  	c:\Django\myshop\myshop\media
2020-11-17 18:15:12,891  INFO  	c:\Django\myshop\myshop\media
2020-11-17 18:16:08,619  INFO  	c:\Django\myshop\myshop\media
2020-11-17 18:16:46,643  INFO  	c:\Django\myshop\myshop\media
2020-11-17 18:16:46,954  INFO  	c:\Django\myshop\myshop\media
2020-11-17 18:17:42,491  INFO  	c:\Django\myshop\myshop\media
2020-11-18 11:36:48,221  INFO  	C:\Django\myshop\myshop\media
2020-11-18 11:36:48,559  INFO  	C:\Django\myshop\myshop\media
2020-11-18 11:40:54,854  INFO  	C:\Django\myshop\myshop\media
2020-11-18 11:41:23,403  INFO  	C:\Django\myshop\myshop\media
2020-11-18 11:44:31,551  INFO  	C:\Django\myshop\myshop\media
2020-11-18 11:44:44,643  INFO  	C:\Django\myshop\myshop\media
2020-11-18 11:48:39,685  INFO  	C:\Django\myshop\myshop\media
2020-11-18 11:49:27,934  INFO  	C:\Django\myshop\myshop\media
2020-11-18 11:49:42,141  INFO  	C:\Django\myshop\myshop\media
2020-11-18 14:38:32,437  INFO  	C:\Django\myshop\myshop\media
2020-11-18 14:43:15,577  INFO  	C:\Django\myshop\myshop\media
2020-11-18 14:45:46,134  INFO  	C:\Django\myshop\myshop\media
2020-11-18 14:49:22,451  INFO  	C:\Django\myshop\myshop\media
2020-11-18 14:58:58,033  INFO  	C:\Django\myshop\myshop\media
2020-11-18 14:59:22,527  INFO  	C:\Django\myshop\myshop\media
2020-11-18 15:07:16,754  INFO  	C:\Django\myshop\myshop\media
2020-11-18 15:36:12,642  INFO  	C:\Django\myshop\myshop\media
2020-11-18 15:36:28,707  INFO  	C:\Django\myshop\myshop\media
2020-11-18 15:38:30,524  INFO  	C:\Django\myshop\myshop\media
2020-11-18 15:39:11,752  INFO  	C:\Django\myshop\myshop\media
2020-11-18 15:40:06,226  INFO  	C:\Django\myshop\myshop\media
2020-11-18 15:40:16,109  INFO  	C:\Django\myshop\myshop\media
2020-11-18 15:59:09,279  INFO  	C:\Django\myshop\myshop\media
2020-11-18 15:59:09,585  INFO  	C:\Django\myshop\myshop\media
2020-11-18 16:06:49,304  INFO  	C:\Django\myshop\myshop\media
2020-11-19 14:01:28,785  INFO  	C:\Django\myshop\myshop\media
2020-11-19 14:01:29,200  INFO  	C:\Django\myshop\myshop\media
